

 The Solution of Internal Variables
 ========================================================
 Point #:            1
 --------------------------------
   0.0000000E+00  0.0000000E+00  0.0000000E+00
   0.0000000E+00  0.0000000E+00  0.0000000E+00  0.0000000E+00  0.0000000E+00  0.0000000E+00
  -3.2358158E-12 -4.3360557E-16  1.3705648E-11  2.3406321E-17 -9.3764282E-20  5.5326201E-18

 Point #:            2
 --------------------------------
   1.1500000E-01  0.0000000E+00  0.0000000E+00
  -1.6507510E+00 -1.9427753E-04  6.5279285E+00  2.4791374E-16 -1.9263116E-13  4.2194040E-05
   0.0000000E+00  0.0000000E+00  0.0000000E+00  0.0000000E+00  0.0000000E+00  0.0000000E+00

 Point #:            3
 --------------------------------
   2.3000000E-01  0.0000000E+00  0.0000000E+00
  -3.0897461E+00 -1.2167608E-04  1.2215982E+01 -5.1077468E-05  2.2066886E-07  1.6104319E-04
   0.0000000E+00  0.0000000E+00  0.0000000E+00  0.0000000E+00  0.0000000E+00  0.0000000E+00

 Point #:            4
 --------------------------------
   3.4500000E-01  0.0000000E+00  0.0000000E+00
  -4.5287412E+00 -4.7149102E-05  1.7904036E+01 -7.5380119E-16 -1.9119389E-13  4.0313693E-04
   0.0000000E+00  0.0000000E+00  0.0000000E+00  0.0000000E+00  0.0000000E+00  0.0000000E+00

 Point #:            5
 --------------------------------
   4.6000000E-01  0.0000000E+00  0.0000000E+00
  -5.6724305E+00 -1.0747010E-03  2.2421139E+01  7.4099383E-05 -4.0187746E-07  6.8742098E-04
   0.0000000E+00  0.0000000E+00  0.0000000E+00  0.0000000E+00  0.0000000E+00  0.0000000E+00

 Point #:            6
 --------------------------------
   6.8800000E-01  0.0000000E+00  0.0000000E+00
  -7.9399188E+00 -3.1195484E-03  3.1376788E+01  1.9757424E-15 -2.6418885E-12  1.0072769E-03
   0.0000000E+00  0.0000000E+00  0.0000000E+00  0.0000000E+00  0.0000000E+00  0.0000000E+00

 Point #:            7
 --------------------------------
   9.2000000E-01  0.0000000E+00  0.0000000E+00
  -8.5569015E+00 -3.6097493E-03  3.1277524E+01 -1.1590797E-06  1.5188145E-08  1.0748714E-03
   0.0000000E+00  0.0000000E+00  0.0000000E+00  0.0000000E+00  0.0000000E+00  0.0000000E+00

 Point #:            8
 --------------------------------
   1.0300000E+00  0.0000000E+00  0.0000000E+00
  -8.8494365E+00 -3.8452302E-03  3.1230460E+01 -4.8080540E-15  2.9766849E-12  1.0792716E-03
   0.0000000E+00  0.0000000E+00  0.0000000E+00  0.0000000E+00  0.0000000E+00  0.0000000E+00

 Point #:            9
 --------------------------------
   1.1500000E+00  0.0000000E+00  0.0000000E+00
  -8.9839648E+00 -3.8451690E-03  3.1222036E+01  1.2822085E-06 -1.4839474E-06  1.0616510E-03
   0.0000000E+00  0.0000000E+00  0.0000000E+00  0.0000000E+00  0.0000000E+00  0.0000000E+00

 Point #:           10
 --------------------------------
   1.2600000E+00  0.0000000E+00  0.0000000E+00
  -9.1072824E+00 -3.8414985E-03  3.1214314E+01  1.1687027E-15  2.8986183E-12  8.2872392E-04
   0.0000000E+00  0.0000000E+00  0.0000000E+00  0.0000000E+00  0.0000000E+00  0.0000000E+00

 Point #:           11
 --------------------------------
   1.3750000E+00  0.0000000E+00  0.0000000E+00
  -9.1072825E+00 -3.7461953E-03  3.1214314E+01  1.1687027E-15  2.8986183E-12  8.2872392E-04
   0.0000000E+00  0.0000000E+00  0.0000000E+00  0.0000000E+00  0.0000000E+00  0.0000000E+00

 Member #:            1
 --------------------------------
   2.8750000E-03  0.0000000E+00  0.0000000E+00
  -4.1268773E-02 -3.8615018E-06  1.6319821E-01  2.1579302E-05 -2.5911516E-07  8.9207975E-06
  -3.2358125E-12 -1.0669784E-16  1.3705649E-11  5.8316585E-18 -4.3152850E-20  1.4344298E-18

   8.6250000E-03  0.0000000E+00  0.0000000E+00
  -1.2380633E-01 -1.3455527E-05  4.8959464E-01  3.2206098E-05 -2.8997886E-07  1.3604019E-05
  -3.2358119E-12  5.7566082E-17  1.3705649E-11 -3.0142132E-18 -3.3734674E-20 -5.6661238E-19

   1.4375000E-02  0.0000000E+00  0.0000000E+00
  -2.0634388E-01 -2.3924932E-05  8.1599107E-01  2.6466225E-05 -2.5280314E-07  1.1851629E-05
  -3.2358124E-12 -2.3948947E-17  1.3705649E-11  1.3520070E-18 -4.1837345E-20  5.2822033E-19

   2.0125000E-02  0.0000000E+00  0.0000000E+00
  -2.8888143E-01 -3.3833638E-05  1.1423875E+00  2.8816470E-05 -2.8479001E-07  1.3606429E-05
  -3.2358120E-12  1.6928991E-17  1.3705649E-11 -8.5175192E-19 -3.5070464E-20  5.9105606E-20

   2.5875000E-02  0.0000000E+00  0.0000000E+00
  -3.7141898E-01 -4.3903917E-05  1.4687839E+00  2.7099782E-05 -2.5925391E-07  1.3862587E-05
  -3.2358123E-12 -3.1737376E-18  1.3705649E-11  2.2287529E-19 -4.0725293E-20  3.5785455E-19

   3.1625000E-02  0.0000000E+00  0.0000000E+00
  -4.5395654E-01 -5.3785301E-05  1.7951803E+00  2.7386662E-05 -2.7744118E-07  1.5088571E-05
  -3.2358120E-12  7.0620063E-18  1.3705649E-11 -3.3230657E-19 -3.5915178E-20  2.6927456E-19

   3.7375000E-02  0.0000000E+00  0.0000000E+00
  -5.3649409E-01 -6.3663776E-05  2.1215768E+00  2.6660053E-05 -2.6451030E-07  1.6045371E-05
  -3.2358122E-12  2.2021421E-18  1.3705649E-11 -7.5090939E-20 -4.0123991E-20  3.7225825E-19

   4.3125000E-02  0.0000000E+00  0.0000000E+00
  -6.1903164E-01 -7.3459252E-05  2.4479732E+00  2.6421406E-05 -2.7484190E-07  1.7348898E-05
  -3.2358121E-12  4.8124701E-18  1.3705649E-11 -2.2337563E-19 -3.6364946E-20  3.8072728E-19

   4.8875000E-02  0.0000000E+00  0.0000000E+00
  -7.0156919E-01 -8.3225417E-05  2.7743696E+00  2.5928807E-05 -2.6597459E-07  1.8701603E-05
  -3.2358122E-12  3.7431304E-18  1.3705649E-11 -1.6830064E-19 -3.9753377E-20  4.3945923E-19

   5.4625000E-02  0.0000000E+00  0.0000000E+00
  -7.8410675E-01 -9.2949238E-05  3.1007660E+00  2.5539977E-05 -2.7141436E-07  2.0258916E-05
  -3.2358121E-12  4.3914011E-18  1.3705649E-11 -2.2102372E-19 -3.6641909E-20  4.7578757E-19

   6.0375000E-02  0.0000000E+00  0.0000000E+00
  -8.6664430E-01 -1.0265308E-04  3.4271624E+00  2.5094213E-05 -2.7151757E-07  2.1966715E-05
  -3.2358121E-12  4.3712211E-18  1.3705649E-11 -2.1137711E-19 -3.9650803E-20  5.3056688E-19

   6.6125000E-02  0.0000000E+00  0.0000000E+00
  -9.4918185E-01 -1.1233843E-04  3.7535589E+00  2.4627068E-05 -2.6608803E-07  2.3853447E-05
  -3.2358122E-12  4.2680227E-18  1.3705649E-11 -2.5666940E-19 -3.6535560E-20  5.7675199E-19

   7.1875000E-02  0.0000000E+00  0.0000000E+00
  -1.0317194E+00 -1.2202442E-04  4.0799553E+00  2.4197632E-05 -2.7517936E-07  2.5959423E-05
  -3.2358121E-12  5.0097948E-18  1.3705649E-11 -2.3356470E-19 -3.9931952E-20  6.4411287E-19

   7.7625000E-02  0.0000000E+00  0.0000000E+00
  -1.1142570E+00 -1.3170665E-04  4.4063517E+00  2.3603418E-05 -2.6484052E-07  2.8220388E-05
  -3.2358122E-12  3.6620836E-18  1.3705649E-11 -3.3672290E-19 -3.6160557E-20  6.8746563E-19

   8.3375000E-02  0.0000000E+00  0.0000000E+00
  -1.1967945E+00 -1.4142189E-04  4.7327481E+00  2.3276819E-05 -2.7804031E-07  3.0834553E-05
  -3.2358120E-12  6.7134658E-18  1.3705649E-11 -1.9975290E-19 -4.0387254E-20  7.9413683E-19

   8.9125000E-02  0.0000000E+00  0.0000000E+00
  -1.2793321E+00 -1.5112503E-04  5.0591446E+00  2.2299613E-05 -2.5981324E-07  3.3451368E-05
  -3.2358123E-12  6.9300003E-19  1.3705649E-11 -5.5590391E-19 -3.5553430E-20  7.9237810E-19

   9.4875000E-02  0.0000000E+00  0.0000000E+00
  -1.3618696E+00 -1.6093539E-04  5.3855410E+00  2.2537984E-05 -2.8565302E-07  3.6863867E-05
  -3.2358120E-12  1.3221949E-17  1.3705649E-11  8.2432056E-20 -4.1239268E-20  1.0346707E-18

   1.0062500E-01  0.0000000E+00  0.0000000E+00
  -1.4444072E+00 -1.7063361E-04  5.7119374E+00  2.0128474E-05 -2.5359589E-07  3.9529632E-05
  -3.2358124E-12 -1.2276243E-17  1.3705649E-11 -1.3274712E-18 -3.4434092E-20  8.0631688E-19

   1.0637500E-01  0.0000000E+00  0.0000000E+00
  -1.5269447E+00 -1.8069349E-04  6.0383338E+00  2.2988863E-05 -2.9111906E-07  4.4735409E-05
  -3.2358119E-12  4.0291466E-17  1.3705649E-11  1.4504361E-18 -4.2585698E-20  1.5815376E-18

   1.1212500E-01  0.0000000E+00  0.0000000E+00
  -1.6094823E+00 -1.9015991E-04  6.3647303E+00  1.4800492E-05 -2.6036255E-07  4.5877306E-05
  -3.2358125E-12 -6.7503831E-17  1.3705649E-11 -4.3962116E-18 -3.3111793E-20  3.4758190E-19

 Member #:            2
 --------------------------------
   1.1787500E-01  0.0000000E+00  0.0000000E+00
  -1.6867259E+00 -1.9324586E-04  6.6701298E+00 -1.6345859E-05  2.5978636E-07  3.7983675E-05
  -2.7869881E-12  8.4005982E-17  1.1950830E-11 -4.8312739E-18 -2.8132007E-20  3.0566730E-19

   1.2362500E-01  0.0000000E+00  0.0000000E+00
  -1.7586757E+00 -1.8986552E-04  6.9545325E+00 -2.6275602E-05  2.9608682E-07  3.8899836E-05
  -2.7869886E-12 -3.0953338E-17  1.1950830E-11  1.3373313E-18 -3.7478143E-20  1.7767504E-18

   1.2937500E-01  0.0000000E+00  0.0000000E+00
  -1.8306254E+00 -1.8577096E-04  7.2389352E+00 -2.3312651E-05  2.4772048E-07  4.5213412E-05
  -2.7869881E-12  1.8792740E-17  1.1950830E-11 -1.3546050E-18 -2.9770457E-20  1.1982732E-18

   1.3512500E-01  0.0000000E+00  0.0000000E+00
  -1.9025752E+00 -1.8205041E-04  7.5233379E+00 -2.5986484E-05  2.8232322E-07  4.9409328E-05
  -2.7869885E-12 -2.6733833E-18  1.1950830E-11 -2.2120264E-19 -3.5870972E-20  1.5185210E-18

   1.4087500E-01  0.0000000E+00  0.0000000E+00
  -1.9745250E+00 -1.7823014E-04  7.8077406E+00 -2.6303745E-05  2.4940940E-07  5.4769640E-05
  -2.7869881E-12  6.6828413E-18  1.1950830E-11 -7.4740941E-19 -3.1074855E-20  1.4583925E-18

   1.4662500E-01  0.0000000E+00  0.0000000E+00
  -2.0464747E+00 -1.7450983E-04  8.0921433E+00 -2.7721456E-05  2.6549129E-07  5.9903010E-05
  -2.7869883E-12  2.6428890E-18  1.1950829E-11 -5.5512545E-19 -3.4922703E-20  1.5697875E-18

   1.5237500E-01  0.0000000E+00  0.0000000E+00
  -2.1184245E+00 -1.7079738E-04  8.3765460E+00 -2.8747582E-05  2.4448106E-07  6.5429908E-05
  -2.7869881E-12  4.4477019E-18  1.1950829E-11 -6.7832775E-19 -3.1791127E-20  1.6106907E-18

   1.5812500E-01  0.0000000E+00  0.0000000E+00
  -2.1903742E+00 -1.6712661E-04  8.6609486E+00 -3.0036123E-05  2.5892537E-07  7.1092533E-05
  -2.7869883E-12  3.6954185E-18  1.1950829E-11 -6.6494474E-19 -3.4236980E-20  1.6855263E-18

   1.6387500E-01  0.0000000E+00  0.0000000E+00
  -2.2623240E+00 -1.6347597E-04  8.9453513E+00 -3.1304809E-05  2.4157167E-07  7.7012050E-05
  -2.7869881E-12  4.0653089E-18  1.1950829E-11 -7.1250492E-19 -3.2405314E-20  1.7476032E-18

   1.6962500E-01  0.0000000E+00  0.0000000E+00
  -2.3342737E+00 -1.5984771E-04  9.2297540E+00 -3.2679689E-05  2.4586960E-07  8.3141119E-05
  -2.7869882E-12  3.9427045E-18  1.1950829E-11 -7.3397699E-19 -3.3818384E-20  1.8166739E-18

   1.7537500E-01  0.0000000E+00  0.0000000E+00
  -2.4062235E+00 -1.5623337E-04  9.5141567E+00 -3.4107013E-05  2.3928972E-07  8.9504045E-05
  -2.7869881E-12  4.0373349E-18  1.1950829E-11 -7.6732967E-19 -3.2615454E-20  1.8834552E-18

   1.8112500E-01  0.0000000E+00  0.0000000E+00
  -2.4781732E+00 -1.5262906E-04  9.7985594E+00 -3.5611245E-05  2.4328337E-07  9.6091869E-05
  -2.7869882E-12  4.0367304E-18  1.1950829E-11 -7.9560208E-19 -3.3614071E-20  1.9515308E-18

   1.8687500E-01  0.0000000E+00  0.0000000E+00
  -2.5501230E+00 -1.4902887E-04  1.0082962E+01 -3.7181778E-05  2.3324890E-07  1.0290874E-04
  -2.7869881E-12  4.0785303E-18  1.1950829E-11 -8.2604834E-19 -3.2886607E-20  2.0188867E-18

   1.9262500E-01  0.0000000E+00  0.0000000E+00
  -2.6220727E+00 -1.4542782E-04  1.0367365E+01 -3.8822840E-05  2.3544308E-07  1.0995170E-04
  -2.7869881E-12  4.1019982E-18  1.1950829E-11 -8.5527270E-19 -3.3377893E-20  2.0860265E-18

   1.9837500E-01  0.0000000E+00  0.0000000E+00
  -2.6940225E+00 -1.4182071E-04  1.0651767E+01 -4.0531561E-05  2.3459964E-07  1.1721977E-04
  -2.7869881E-12  4.1339248E-18  1.1950829E-11 -8.8459590E-19 -3.2945471E-20  2.1523819E-18

   2.0412500E-01  0.0000000E+00  0.0000000E+00
  -2.7659723E+00 -1.3820273E-04  1.0936170E+01 -4.2307692E-05  2.3326654E-07  1.2471000E-04
  -2.7869881E-12  4.1625075E-18  1.1950829E-11 -9.1327175E-19 -3.3387550E-20  2.2178895E-18

   2.0987500E-01  0.0000000E+00  0.0000000E+00
  -2.8379220E+00 -1.3456925E-04  1.1220573E+01 -4.4149354E-05  2.2834777E-07  1.3241938E-04
  -2.7869880E-12  4.1929962E-18  1.1950829E-11 -9.4148023E-19 -3.3014978E-20  2.2822906E-18

   2.1562500E-01  0.0000000E+00  0.0000000E+00
  -2.9098718E+00 -1.3091602E-04  1.1504975E+01 -4.6054952E-05  2.3152840E-07  1.4034404E-04
  -2.7869881E-12  4.2231323E-18  1.1950829E-11 -9.6900492E-19 -3.3231280E-20  2.3454372E-18

   2.2137500E-01  0.0000000E+00  0.0000000E+00
  -2.9818215E+00 -1.2723916E-04  1.1789378E+01 -4.8022375E-05  2.3183403E-07  1.4847967E-04
  -2.7869881E-12  4.2539676E-18  1.1950829E-11 -9.9581952E-19 -3.3070791E-20  2.4071544E-18

   2.2712500E-01  0.0000000E+00  0.0000000E+00
  -3.0537713E+00 -1.2353522E-04  1.2073781E+01 -5.0049379E-05  2.2840588E-07  1.5682142E-04
  -2.7869880E-12  4.2852055E-18  1.1950829E-11 -1.0218187E-18 -3.3303702E-20  2.4673021E-18

 Member #:            3
 --------------------------------
   2.3287500E-01  0.0000000E+00  0.0000000E+00
  -3.1257210E+00 -1.1980124E-04  1.2358183E+01 -5.2133473E-05  2.2865537E-07  1.6536401E-04
  -2.7869880E-12  4.3169237E-18  1.1950829E-11 -1.0469549E-18 -3.3000011E-20  2.5257428E-18

   2.3862500E-01  0.0000000E+00  0.0000000E+00
  -3.1976708E+00 -1.1603476E-04  1.2642586E+01 -5.4271955E-05  2.3212420E-07  1.7410176E-04
  -2.7869881E-12  4.3495155E-18  1.1950829E-11 -1.0711430E-18 -3.3241789E-20  2.5823631E-18

   2.4437500E-01  0.0000000E+00  0.0000000E+00
  -3.2696205E+00 -1.1223387E-04  1.2926989E+01 -5.6462060E-05  2.3225933E-07  1.8302858E-04
  -2.7869881E-12  4.3822006E-18  1.1950829E-11 -1.0943815E-18 -3.3064737E-20  2.6370448E-18

   2.5012500E-01  0.0000000E+00  0.0000000E+00
  -3.3415703E+00 -1.0839723E-04  1.3211391E+01 -5.8700660E-05  2.2922009E-07  1.9213816E-04
  -2.7869880E-12  4.4170975E-18  1.1950829E-11 -1.1165121E-18 -3.3303444E-20  2.6897203E-18

   2.5587500E-01  0.0000000E+00  0.0000000E+00
  -3.4135200E+00 -1.0452409E-04  1.3495794E+01 -6.0985035E-05  2.3460414E-07  2.0142366E-04
  -2.7869881E-12  4.4495967E-18  1.1950829E-11 -1.1377496E-18 -3.2902287E-20  2.7402483E-18

   2.6162500E-01  0.0000000E+00  0.0000000E+00
  -3.4854698E+00 -1.0061434E-04  1.3780197E+01 -6.3311216E-05  2.3598206E-07  2.1087847E-04
  -2.7869881E-12  4.4903368E-18  1.1950829E-11 -1.1574961E-18 -3.3381177E-20  2.7886891E-18

   2.6737500E-01  0.0000000E+00  0.0000000E+00
  -3.5574195E+00 -9.6668334E-05  1.4064599E+01 -6.5677824E-05  2.3730831E-07  2.2049469E-04
  -2.7869881E-12  4.5154655E-18  1.1950829E-11 -1.1770111E-18 -3.2903594E-20  2.8346810E-18

   2.7312500E-01  0.0000000E+00  0.0000000E+00
  -3.6293693E+00 -9.2687388E-05  1.4349002E+01 -6.8077462E-05  2.3503061E-07  2.3026662E-04
  -2.7869881E-12  4.5791094E-18  1.1950829E-11 -1.1933663E-18 -3.3451121E-20  2.8788482E-18

   2.7887500E-01  0.0000000E+00  0.0000000E+00
  -3.7013190E+00 -8.8672622E-05  1.4633405E+01 -7.0516293E-05  2.4556932E-07  2.4018288E-04
  -2.7869882E-12  4.5587015E-18  1.1950829E-11 -1.2131403E-18 -3.2656186E-20  2.9196075E-18

   2.8462500E-01  0.0000000E+00  0.0000000E+00
  -3.7732688E+00 -8.4627555E-05  1.4917807E+01 -7.2969768E-05  2.4144023E-07  2.5024444E-04
  -2.7869881E-12  4.7319189E-18  1.1950829E-11 -1.2213978E-18 -3.3734813E-20  2.9603986E-18

   2.9037500E-01  0.0000000E+00  0.0000000E+00
  -3.8452185E+00 -8.0552173E-05  1.5202210E+01 -7.5483109E-05  2.4850513E-07  2.6042368E-04
  -2.7869882E-12  4.4690502E-18  1.1950829E-11 -1.2519861E-18 -3.2439936E-20  2.9932986E-18

   2.9612500E-01  0.0000000E+00  0.0000000E+00
  -3.9171683E+00 -7.6456330E-05  1.5486613E+01 -7.7943335E-05  2.4378545E-07  2.7075741E-04
  -2.7869881E-12  5.1986143E-18  1.1950829E-11 -1.2281064E-18 -3.3962773E-20  3.0361866E-18

   3.0187500E-01  0.0000000E+00  0.0000000E+00
  -3.9891180E+00 -7.2329211E-05  1.5771015E+01 -8.0597460E-05  2.6217903E-07  2.8113563E-04
  -2.7869883E-12  3.6750349E-18  1.1950829E-11 -1.3242575E-18 -3.1992690E-20  3.0483943E-18

   3.0762500E-01  0.0000000E+00  0.0000000E+00
  -4.0610678E+00 -6.8208717E-05  1.6055418E+01 -8.2873349E-05  2.4646155E-07  2.9178234E-04
  -2.7869881E-12  7.2795996E-18  1.1950829E-11 -1.1436296E-18 -3.4622693E-20  3.1224296E-18

   3.1337500E-01  0.0000000E+00  0.0000000E+00
  -4.1330176E+00 -6.4023145E-05  1.6339821E+01 -8.6068474E-05  2.6859743E-07  3.0215971E-04
  -2.7869883E-12 -8.0664643E-19  1.1950829E-11 -1.5905033E-18 -3.1257799E-20  3.0477185E-18

   3.1912500E-01  0.0000000E+00  0.0000000E+00
  -4.2049673E+00 -5.9952866E-05  1.6624224E+01 -8.7205339E-05  2.5148081E-07  3.1347304E-04
  -2.7869881E-12  1.7817664E-17  1.1950830E-11 -6.0041225E-19 -3.5386369E-20  3.3054406E-18

   3.2487500E-01  0.0000000E+00  0.0000000E+00
  -4.2769171E+00 -5.5600940E-05  1.6908626E+01 -9.3119845E-05  2.8565981E-07  3.2292942E-04
  -2.7869885E-12 -2.4788198E-17  1.1950830E-11 -2.9016174E-18 -3.0249360E-20  2.7950095E-18

   3.3062500E-01  0.0000000E+00  0.0000000E+00
  -4.3488668E+00 -5.1901441E-05  1.7193029E+01 -8.8042338E-05  2.5025080E-07  3.3695135E-04
  -2.7869881E-12  7.3441221E-17  1.1950830E-11  2.3694625E-18 -3.6764429E-20  4.0467354E-18

   3.3637500E-01  0.0000000E+00  0.0000000E+00
  -4.4208166E+00 -4.6707897E-05  1.7477432E+01 -1.0854080E-04  2.9814796E-07  3.4063991E-04
  -2.7869886E-12 -1.5377347E-16  1.1950830E-11 -9.8579228E-18 -2.8547926E-20  1.2281074E-18

   3.4212500E-01  0.0000000E+00  0.0000000E+00
  -4.4927663E+00 -4.4969400E-05  1.7761834E+01 -7.0650216E-05  2.6537548E-07  3.6823544E-04
  -2.7869880E-12  3.6835636E-16  1.1950830E-11  1.8200177E-17 -3.8519994E-20  7.7963607E-18

 Member #:            4
 --------------------------------
   3.4787500E-01  0.0000000E+00  0.0000000E+00
  -4.5573335E+00 -6.7776328E-05  1.8016963E+01  8.3178222E-05 -3.8787802E-07  4.4362318E-04
  -2.1656017E-12 -4.2523756E-16  9.5031255E-12  2.1525430E-17 -3.3984339E-20  8.8487370E-18

   3.5362500E-01  0.0000000E+00  0.0000000E+00
  -4.6145179E+00 -1.1570952E-04  1.8242818E+01  1.3639617E-04 -4.6124740E-07  4.7876900E-04
  -2.1656008E-12  1.4601250E-16  9.5031256E-12 -9.2282246E-18 -2.0001823E-20  1.8542239E-18

   3.5937500E-01  0.0000000E+00  0.0000000E+00
  -4.6717024E+00 -1.6811290E-04  1.8468674E+01  1.1452145E-04 -3.7644608E-07  4.8347480E-04
  -2.1656015E-12 -4.6022217E-17  9.5031257E-12  1.1172595E-18 -3.0665337E-20  4.1933721E-18

   3.6512500E-01  0.0000000E+00  0.0000000E+00
  -4.7288868E+00 -2.1908213E-04  1.8694529E+01  1.1803026E-04 -4.2208918E-07  4.9841716E-04
  -2.1656011E-12  1.7961936E-17  9.5031262E-12 -2.3212334E-18 -2.2621890E-20  3.3989480E-18

   3.7087500E-01  0.0000000E+00  0.0000000E+00
  -4.7860713E+00 -2.7060445E-04  1.8920384E+01  1.1316976E-04 -3.7641933E-07  5.0991897E-04
  -2.1656015E-12 -3.6510467E-18  9.5031262E-12 -1.1496645E-18 -2.8871769E-20  3.6483845E-18

   3.7662500E-01  0.0000000E+00  0.0000000E+00
  -4.8432558E+00 -3.2202260E-04  1.9146239E+01  1.1115610E-04 -4.2305048E-07  5.2250861E-04
  -2.1656012E-12  3.7149036E-18  9.5031260E-12 -1.5370190E-18 -2.4419301E-20  3.5393571E-18

   3.8237500E-01  0.0000000E+00  0.0000000E+00
  -4.9004402E+00 -3.7356076E-04  1.9372094E+01  1.0820233E-04 -4.0556138E-07  5.3463889E-04
  -2.1656014E-12  1.2292662E-18  9.5031257E-12 -1.3927111E-18 -2.7630723E-20  3.5474209E-18

   3.8812500E-01  0.0000000E+00  0.0000000E+00
  -4.9576247E+00 -4.2514417E-04  1.9597949E+01  1.0559480E-04 -4.1960678E-07  5.4681780E-04
  -2.1656012E-12  2.1080749E-18  9.5031260E-12 -1.4283365E-18 -2.5031539E-20  3.5108153E-18

   3.9387500E-01  0.0000000E+00  0.0000000E+00
  -5.0148091E+00 -4.7679867E-04  1.9823805E+01  1.0289676E-04 -3.9455293E-07  5.5885586E-04
  -2.1656014E-12  1.8338300E-18  9.5031264E-12 -1.4007412E-18 -2.6875858E-20  3.4850149E-18

   3.9962500E-01  0.0000000E+00  0.0000000E+00
  -5.0719936E+00 -5.2851483E-04  2.0049660E+01  1.0025968E-04 -4.0321588E-07  5.7080239E-04
  -2.1656014E-12  1.9536730E-18  9.5031265E-12 -1.3932858E-18 -2.5684168E-20  3.4512080E-18

   4.0537500E-01  0.0000000E+00  0.0000000E+00
  -5.1291781E+00 -5.8029437E-04  2.0275515E+01  9.7633534E-05 -4.0599265E-07  5.8262564E-04
  -2.1656014E-12  1.9365943E-18  9.5031262E-12 -1.3774550E-18 -2.6762804E-20  3.4160608E-18

   4.1112500E-01  0.0000000E+00  0.0000000E+00
  -5.1863625E+00 -6.3213429E-04  2.0501370E+01  9.5037225E-05 -4.2199174E-07  5.9432244E-04
  -2.1656013E-12  1.9650245E-18  9.5031260E-12 -1.3631448E-18 -2.5940318E-20  3.3775131E-18

   4.1687500E-01  0.0000000E+00  0.0000000E+00
  -5.2435470E+00 -6.8403234E-04  2.0727225E+01  9.2465779E-05 -4.1487455E-07  6.0588062E-04
  -2.1656014E-12  1.9762028E-18  9.5031261E-12 -1.3470521E-18 -2.6316645E-20  3.3365269E-18

   4.2262500E-01  0.0000000E+00  0.0000000E+00
  -5.3007315E+00 -7.3598515E-04  2.0953080E+01  8.9922260E-05 -4.0558289E-07  6.1729203E-04
  -2.1656014E-12  1.9916812E-18  9.5031265E-12 -1.3304164E-18 -2.5898786E-20  3.2930476E-18

   4.2837500E-01  0.0000000E+00  0.0000000E+00
  -5.3579159E+00 -7.8798895E-04  2.1178936E+01  8.7406796E-05 -3.9885689E-07  6.2854816E-04
  -2.1656015E-12  2.0039654E-18  9.5031267E-12 -1.3129213E-18 -2.6366670E-20  3.2473934E-18

   4.3412500E-01  0.0000000E+00  0.0000000E+00
  -5.4151004E+00 -8.4003936E-04  2.1404791E+01  8.4920360E-05 -4.0978949E-07  6.3964169E-04
  -2.1656014E-12  2.0155504E-18  9.5031264E-12 -1.2947956E-18 -2.6240442E-20  3.1997756E-18

   4.3987500E-01  0.0000000E+00  0.0000000E+00
  -5.4722849E+00 -8.9213152E-04  2.1630646E+01  8.2463466E-05 -4.1988354E-07  6.5056608E-04
  -2.1656014E-12  2.0255102E-18  9.5031261E-12 -1.2760864E-18 -2.6350882E-20  3.1504623E-18

   4.4562500E-01  0.0000000E+00  0.0000000E+00
  -5.5294693E+00 -9.4426011E-04  2.1856501E+01  8.0036629E-05 -4.2062323E-07  6.6131572E-04
  -2.1656014E-12  2.0341182E-18  9.5031262E-12 -1.2569037E-18 -2.6060096E-20  3.0997213E-18

   4.5137500E-01  0.0000000E+00  0.0000000E+00
  -5.5866538E+00 -9.9641946E-04  2.2082356E+01  7.7640220E-05 -4.0912911E-07  6.7188601E-04
  -2.1656014E-12  2.0412282E-18  9.5031266E-12 -1.2373366E-18 -2.6114900E-20  3.0478373E-18

   4.5712500E-01  0.0000000E+00  0.0000000E+00
  -5.6438383E+00 -1.0486035E-03  2.2308211E+01  7.5274525E-05 -4.0333604E-07  6.8227339E-04
  -2.1656015E-12  2.0468290E-18  9.5031268E-12 -1.2174865E-18 -2.6170689E-20  2.9951024E-18

 Member #:            5
 --------------------------------
   4.6285000E-01  0.0000000E+00  0.0000000E+00
  -5.7007741E+00 -1.1005791E-03  2.2533085E+01  7.2949732E-05 -4.1010270E-07  6.9243180E-04
  -2.1656015E-12  2.0508618E-18  9.5031266E-12 -1.1975460E-18 -2.6359429E-20  2.9420492E-18

   4.6855000E-01  0.0000000E+00  0.0000000E+00
  -5.7574613E+00 -1.1523395E-03  2.2756976E+01  7.0665634E-05 -4.2268023E-07  7.0236140E-04
  -2.1656014E-12  2.0533417E-18  9.5031263E-12 -1.1776220E-18 -2.6284153E-20  2.8889813E-18

   4.7425000E-01  0.0000000E+00  0.0000000E+00
  -5.8141485E+00 -1.2041054E-03  2.2980867E+01  6.8411905E-05 -4.2489283E-07  7.1210700E-04
  -2.1656014E-12  2.0543090E-18  9.5031262E-12 -1.1577285E-18 -2.6157829E-20  2.8359684E-18

   4.7995000E-01  0.0000000E+00  0.0000000E+00
  -5.8708357E+00 -1.2558704E-03  2.3204758E+01  6.6188415E-05 -4.1543333E-07  7.2166928E-04
  -2.1656014E-12  2.0537827E-18  9.5031266E-12 -1.1379622E-18 -2.6057080E-20  2.7833085E-18

   4.8565000E-01  0.0000000E+00  0.0000000E+00
  -5.9275229E+00 -1.3076278E-03  2.3428649E+01  6.3994945E-05 -4.0693463E-07  7.3105002E-04
  -2.1656015E-12  2.0517774E-18  9.5031269E-12 -1.1184207E-18 -2.6177016E-20  2.7312964E-18

   4.9135000E-01  0.0000000E+00  0.0000000E+00
  -5.9842101E+00 -1.3593716E-03  2.3652541E+01  6.1831191E-05 -4.1161036E-07  7.4025202E-04
  -2.1656015E-12  2.0483245E-18  9.5031268E-12 -1.0992034E-18 -2.6314349E-20  2.6802203E-18

   4.9705000E-01  0.0000000E+00  0.0000000E+00
  -6.0408974E+00 -1.4110956E-03  2.3876432E+01  5.9696749E-05 -4.2412840E-07  7.4927906E-04
  -2.1656014E-12  2.0434865E-18  9.5031264E-12 -1.0804081E-18 -2.6330342E-20  2.6303597E-18

   5.0275000E-01  0.0000000E+00  0.0000000E+00
  -6.0975846E+00 -1.4627938E-03  2.4100323E+01  5.7591130E-05 -4.2949378E-07  7.5813590E-04
  -2.1656014E-12  2.0373487E-18  9.5031263E-12 -1.0621248E-18 -2.6175370E-20  2.5819828E-18

   5.0845000E-01  0.0000000E+00  0.0000000E+00
  -6.1542718E+00 -1.5144606E-03  2.4324214E+01  5.5513769E-05 -4.2163592E-07  7.6682823E-04
  -2.1656014E-12  2.0299988E-18  9.5031265E-12 -1.0444354E-18 -2.6073020E-20  2.5353436E-18

   5.1415000E-01  0.0000000E+00  0.0000000E+00
  -6.2109590E+00 -1.5660909E-03  2.4548106E+01  5.3464034E-05 -4.1171952E-07  7.7536262E-04
  -2.1656015E-12  2.0215220E-18  9.5031269E-12 -1.0274173E-18 -2.6135673E-20  2.4906798E-18

   5.1985000E-01  0.0000000E+00  0.0000000E+00
  -6.2676462E+00 -1.6176797E-03  2.4771997E+01  5.1441226E-05 -4.1346302E-07  7.8374645E-04
  -2.1656015E-12  2.0120165E-18  9.5031268E-12 -1.0111458E-18 -2.6300724E-20  2.4482096E-18

   5.2555000E-01  0.0000000E+00  0.0000000E+00
  -6.3243334E+00 -1.6692229E-03  2.4995888E+01  4.9444575E-05 -4.2562175E-07  7.9198784E-04
  -2.1656014E-12  2.0016060E-18  9.5031265E-12 -9.9569071E-19 -2.6339094E-20  2.4081308E-18

   5.3125000E-01  0.0000000E+00  0.0000000E+00
  -6.3810206E+00 -1.7207164E-03  2.5219779E+01  4.7473244E-05 -4.3359200E-07  8.0009555E-04
  -2.1656014E-12  1.9904317E-18  9.5031263E-12 -9.8111209E-19 -2.6219450E-20  2.3706184E-18

   5.3695000E-01  0.0000000E+00  0.0000000E+00
  -6.4377078E+00 -1.7721571E-03  2.5443670E+01  4.5526346E-05 -4.2807251E-07  8.0807892E-04
  -2.1656014E-12  1.9786349E-18  9.5031264E-12 -9.6745848E-19 -2.6076486E-20  2.3358231E-18

   5.4265000E-01  0.0000000E+00  0.0000000E+00
  -6.4943950E+00 -1.8235422E-03  2.5667562E+01  4.3602958E-05 -4.1734649E-07  8.1594779E-04
  -2.1656015E-12  1.9663532E-18  9.5031268E-12 -9.5477023E-19 -2.6118284E-20  2.3038698E-18

   5.4835000E-01  0.0000000E+00  0.0000000E+00
  -6.5510822E+00 -1.8748698E-03  2.5891453E+01  4.1702121E-05 -4.1609872E-07  8.2371239E-04
  -2.1656015E-12  1.9537319E-18  9.5031268E-12 -9.4308189E-19 -2.6261545E-20  2.2748561E-18

   5.5405000E-01  0.0000000E+00  0.0000000E+00
  -6.6077695E+00 -1.9261383E-03  2.6115344E+01  3.9822835E-05 -4.2731124E-07  8.3138327E-04
  -2.1656014E-12  1.9409323E-18  9.5031265E-12 -9.3242068E-19 -2.6361441E-20  2.2488524E-18

   5.5975000E-01  0.0000000E+00  0.0000000E+00
  -6.6644567E+00 -1.9773469E-03  2.6339235E+01  3.7964070E-05 -4.3730421E-07  8.3897112E-04
  -2.1656014E-12  1.9281240E-18  9.5031262E-12 -9.2280304E-19 -2.6238006E-20  2.2259012E-18

   5.6545000E-01  0.0000000E+00  0.0000000E+00
  -6.7211439E+00 -2.0284956E-03  2.6563127E+01  3.6124778E-05 -4.3483958E-07  8.4648678E-04
  -2.1656014E-12  1.9154738E-18  9.5031263E-12 -9.1423356E-19 -2.6118807E-20  2.2060166E-18

   5.7115000E-01  0.0000000E+00  0.0000000E+00
  -6.7778311E+00 -2.0795849E-03  2.6787018E+01  3.4303909E-05 -4.2365061E-07  8.5394105E-04
  -2.1656015E-12  1.9031423E-18  9.5031267E-12 -9.0670727E-19 -2.6068116E-20  2.1891847E-18

   5.7685000E-01  0.0000000E+00  0.0000000E+00
  -6.8345183E+00 -2.1306159E-03  2.7010909E+01  3.2500418E-05 -4.2022869E-07  8.6134466E-04
  -2.1656015E-12  1.8912971E-18  9.5031268E-12 -9.0021178E-19 -2.6270355E-20  2.1753635E-18

   5.8255000E-01  0.0000000E+00  0.0000000E+00
  -6.8912055E+00 -2.1815903E-03  2.7234800E+01  3.0713261E-05 -4.2908905E-07  8.6870814E-04
  -2.1656014E-12  1.8801113E-18  9.5031265E-12 -8.9472704E-19 -2.6307648E-20  2.1644847E-18

   5.8825000E-01  0.0000000E+00  0.0000000E+00
  -6.9478927E+00 -2.2325107E-03  2.7458691E+01  2.8941402E-05 -4.4167453E-07  8.7604170E-04
  -2.1656014E-12  1.8697642E-18  9.5031262E-12 -8.9022343E-19 -2.6343050E-20  2.1564544E-18

   5.9395000E-01  0.0000000E+00  0.0000000E+00
  -7.0045799E+00 -2.2833799E-03  2.7682583E+01  2.7183827E-05 -4.4102868E-07  8.8335519E-04
  -2.1656014E-12  1.8604262E-18  9.5031262E-12 -8.8666151E-19 -2.6049780E-20  2.1511542E-18

   5.9965000E-01  0.0000000E+00  0.0000000E+00
  -7.0612671E+00 -2.3342015E-03  2.7906474E+01  2.5439565E-05 -4.3217638E-07  8.9065799E-04
  -2.1656014E-12  1.8522751E-18  9.5031265E-12 -8.8399341E-19 -2.6183110E-20  2.1484427E-18

   6.0535000E-01  0.0000000E+00  0.0000000E+00
  -7.1179543E+00 -2.3849793E-03  2.8130365E+01  2.3707693E-05 -4.2414927E-07  8.9795897E-04
  -2.1656015E-12  1.8454911E-18  9.5031267E-12 -8.8216459E-19 -2.6065873E-20  2.1481578E-18

   6.1105000E-01  0.0000000E+00  0.0000000E+00
  -7.1746415E+00 -2.4357179E-03  2.8354256E+01  2.1987347E-05 -4.3386315E-07  9.0526635E-04
  -2.1656014E-12  1.8402769E-18  9.5031265E-12 -8.8111394E-19 -2.6528923E-20  2.1501189E-18

   6.1675000E-01  0.0000000E+00  0.0000000E+00
  -7.2313287E+00 -2.4864219E-03  2.8578148E+01  2.0277715E-05 -4.4342416E-07  9.1258771E-04
  -2.1656014E-12  1.8368378E-18  9.5031261E-12 -8.8077306E-19 -2.6062859E-20  2.1541290E-18

   6.2245000E-01  0.0000000E+00  0.0000000E+00
  -7.2880160E+00 -2.5370965E-03  2.8802039E+01  1.8578071E-05 -4.5140327E-07  9.1992991E-04
  -2.1656013E-12  1.8353803E-18  9.5031260E-12 -8.8106826E-19 -2.6498039E-20  2.1599770E-18

   6.2815000E-01  0.0000000E+00  0.0000000E+00
  -7.3447032E+00 -2.5877471E-03  2.9025930E+01  1.6887790E-05 -4.3653958E-07  9.2729905E-04
  -2.1656014E-12  1.8362034E-18  9.5031263E-12 -8.8191513E-19 -2.5617523E-20  2.1674412E-18

   6.3385000E-01  0.0000000E+00  0.0000000E+00
  -7.4013904E+00 -2.6383792E-03  2.9249821E+01  1.5206358E-05 -4.3667785E-07  9.3470041E-04
  -2.1656014E-12  1.8393873E-18  9.5031265E-12 -8.8323985E-19 -2.6790410E-20  2.1762878E-18

   6.3955000E-01  0.0000000E+00  0.0000000E+00
  -7.4580776E+00 -2.6889986E-03  2.9473712E+01  1.3533456E-05 -4.3031590E-07  9.4213854E-04
  -2.1656014E-12  1.8458759E-18  9.5031264E-12 -8.8491709E-19 -2.5490744E-20  2.1862879E-18

   6.4525000E-01  0.0000000E+00  0.0000000E+00
  -7.5147648E+00 -2.7396109E-03  2.9697604E+01  1.1868708E-05 -4.5859876E-07  9.4961701E-04
  -2.1656012E-12  1.8541759E-18  9.5031260E-12 -8.8695366E-19 -2.7465672E-20  2.1971785E-18

   6.5095000E-01  0.0000000E+00  0.0000000E+00
  -7.5714520E+00 -2.7902219E-03  2.9921495E+01  1.0212574E-05 -4.4487907E-07  9.5713891E-04
  -2.1656014E-12  1.8701503E-18  9.5031258E-12 -8.8895448E-19 -2.4671909E-20  2.2087866E-18

   6.5665000E-01  0.0000000E+00  0.0000000E+00
  -7.6281392E+00 -2.8408373E-03  3.0145386E+01  8.5637868E-06 -4.6556369E-07  9.6470568E-04
  -2.1656012E-12  1.8785976E-18  9.5031260E-12 -8.9166483E-19 -2.8136239E-20  2.2206806E-18

   6.6235000E-01  0.0000000E+00  0.0000000E+00
  -7.6848264E+00 -2.8914627E-03  3.0369277E+01  6.9269907E-06 -4.1998969E-07  9.7232030E-04
  -2.1656015E-12  1.9250528E-18  9.5031262E-12 -8.9255365E-19 -2.3380273E-20  2.2331801E-18

   6.6805000E-01  0.0000000E+00  0.0000000E+00
  -7.7415136E+00 -2.9421029E-03  3.0593168E+01  5.2913181E-06 -4.7129449E-07  9.7997856E-04
  -2.1656011E-12  1.8841606E-18  9.5031263E-12 -8.9830016E-19 -3.0024578E-20  2.2445068E-18

   6.7375000E-01  0.0000000E+00  0.0000000E+00
  -7.7982008E+00 -2.9927647E-03  3.0817060E+01  3.6899706E-06 -4.2278628E-07  9.8769332E-04
  -2.1656016E-12  2.1064048E-18  9.5031257E-12 -8.8996161E-19 -2.1434746E-20  2.2587520E-18

   6.7945000E-01  0.0000000E+00  0.0000000E+00
  -7.8548880E+00 -3.0434483E-03  3.1040951E+01  2.0477946E-06 -5.1808596E-07  9.9543249E-04
  -2.1656008E-12  1.6882133E-18  9.5031256E-12 -9.1608732E-19 -3.2827515E-20  2.2644863E-18

   6.8515000E-01  0.0000000E+00  0.0000000E+00
  -7.9115752E+00 -3.0941713E-03  3.1264842E+01  5.9251818E-07 -4.2898947E-07  1.0032860E-03
  -2.1656017E-12  3.0770600E-18  9.5031255E-12 -8.4487747E-19 -1.7841997E-20  2.2916372E-18

 Member #:            6
 --------------------------------
   6.9090000E-01  0.0000000E+00  0.0000000E+00
  -7.9476311E+00 -3.1238032E-03  3.1375547E+01  3.5709295E-06 -3.7782823E-09  1.0705348E-03
   1.6428009E-11  3.6039790E-15  4.2025230E-12 -8.7713474E-18  4.1887168E-20  3.3631262E-17

   6.9670000E-01  0.0000000E+00  0.0000000E+00
  -7.9630557E+00 -3.1339795E-03  3.1373065E+01  1.4995984E-05  2.7821736E-09  1.2633144E-03
   1.6428010E-11  4.6539388E-16  4.2025231E-12 -1.7790829E-17  4.2115915E-20  6.8775087E-17

   7.0250000E-01  0.0000000E+00  0.0000000E+00
  -7.9784802E+00 -3.1476922E-03  3.1370584E+01  2.7922132E-05  1.0778125E-09  1.4785357E-03
   1.6428009E-11 -3.0519755E-15  4.2025230E-12 -1.1809143E-17  4.1713411E-20  4.5525483E-17

   7.0830000E-01  0.0000000E+00  0.0000000E+00
  -7.9939048E+00 -3.1637632E-03  3.1368102E+01  3.0533241E-05 -6.9518649E-10  1.5321815E-03
   1.6428009E-11 -3.9619477E-15  4.2025230E-12  4.2449484E-18  4.2214260E-20 -1.6938734E-17

   7.1410000E-01  0.0000000E+00  0.0000000E+00
  -8.0093294E+00 -3.1789959E-03  3.1365620E+01  1.9671870E-05  1.1960024E-08  1.3753380E-03
   1.6428009E-11 -1.4532323E-15  4.2025231E-12  1.6885912E-17  4.2122762E-20 -6.6130937E-17

   7.1990000E-01  0.0000000E+00  0.0000000E+00
  -8.0247540E+00 -3.1908515E-03  3.1363139E+01  3.6017267E-06  3.4428947E-09  1.1371242E-03
   1.6428009E-11  2.4084065E-15  4.2025230E-12  1.5337586E-17  4.1862066E-20 -6.0102453E-17

   7.2570000E-01  0.0000000E+00  0.0000000E+00
  -8.0401785E+00 -3.1995992E-03  3.1360657E+01 -4.7995818E-06 -5.3814243E-09  1.0183446E-03
   1.6428009E-11  4.3839305E-15  4.2025229E-12  6.1210697E-19  4.2041676E-20 -2.7795683E-18

   7.3150000E-01  0.0000000E+00  0.0000000E+00
  -8.0556031E+00 -3.2081346E-03  3.1358176E+01  1.2050029E-06  3.1117783E-09  1.1236837E-03
   1.6428009E-11  2.7622009E-15  4.2025230E-12 -1.5195171E-17  4.2048403E-20  5.8774291E-17

   7.3730000E-01  0.0000000E+00  0.0000000E+00
  -8.0710277E+00 -3.2195979E-03  3.1355694E+01  1.6463242E-05  1.3177771E-08  1.3721742E-03
   1.6428010E-11 -1.1884772E-15  4.2025231E-12 -1.8872706E-17  4.1976234E-20  7.3142396E-17

   7.4310000E-01  0.0000000E+00  0.0000000E+00
  -8.0864522E+00 -3.2347574E-03  3.1353213E+01  2.8032086E-05  6.0607903E-09  1.5614326E-03
   1.6428009E-11 -4.2370505E-15  4.2025229E-12 -7.0863726E-18  4.1756053E-20  2.7337837E-17

   7.4890000E-01  0.0000000E+00  0.0000000E+00
  -8.1018768E+00 -3.2513331E-03  3.1350731E+01  2.5806162E-05  4.9610984E-10  1.5337493E-03
   1.6428009E-11 -3.8477320E-15  4.2025230E-12  1.0732208E-17  4.2149937E-20 -4.1951087E-17

   7.5470000E-01  0.0000000E+00  0.0000000E+00
  -8.1173014E+00 -3.2658388E-03  3.1348249E+01  1.0913343E-05  4.8006205E-09  1.3071508E-03
   1.6428009E-11 -2.8563145E-16  4.2025230E-12  2.0052449E-17  4.2081661E-20 -7.8189223E-17

   7.6050000E-01  0.0000000E+00  0.0000000E+00
  -8.1327259E+00 -3.2764387E-03  3.1345768E+01 -5.0882935E-06 -4.4668243E-09  1.0626735E-03
   1.6428009E-11  3.5763276E-15  4.2025229E-12  1.3181395E-17  4.1908708E-20 -5.1440733E-17

   7.6630000E-01  0.0000000E+00  0.0000000E+00
  -8.1481505E+00 -3.2844667E-03  3.1343286E+01 -9.6078211E-06 -5.9415345E-09  9.9737555E-04
   1.6428009E-11  4.6009600E-15  4.2025229E-12 -4.3697305E-18  4.2117152E-20  1.6856368E-17

   7.7210000E-01  0.0000000E+00  0.0000000E+00
  -8.1635751E+00 -3.2933508E-03  3.1340805E+01  6.8588381E-07  4.6121026E-09  1.1634232E-03
   1.6428009E-11  1.9566480E-15  4.2025230E-12 -1.8354954E-17  4.1986626E-20  7.1278259E-17

   7.7790000E-01  0.0000000E+00  0.0000000E+00
  -8.1789997E+00 -3.3058199E-03  3.1338323E+01  1.7130866E-05  1.0105117E-08  1.4253677E-03
   1.6428009E-11 -2.2000696E-15  4.2025230E-12 -1.7438504E-17  4.1954959E-20  6.7723926E-17

   7.8370000E-01  0.0000000E+00  0.0000000E+00
  -8.1944242E+00 -3.3216828E-03  3.1335842E+01  2.6143320E-05  1.0379302E-08  1.5707112E-03
   1.6428009E-11 -4.4895123E-15  4.2025229E-12 -2.4490299E-18  4.1963469E-20  9.4210381E-18

   7.8950000E-01  0.0000000E+00  0.0000000E+00
  -8.2098488E+00 -3.3379951E-03  3.1333360E+01  2.0289624E-05  1.9572727E-08  1.4830466E-03
   1.6428009E-11 -3.0694468E-15  4.2025230E-12  1.4342343E-17  4.2283337E-20 -5.5885423E-17

   7.9530000E-01  0.0000000E+00  0.0000000E+00
  -8.2252733E+00 -3.3514712E-03  3.1330878E+01  4.2912366E-06  1.2477045E-08  1.2360462E-03
   1.6428009E-11  8.7335526E-16  4.2025230E-12  1.9290372E-17  4.1762544E-20 -7.5108881E-17

   8.0110000E-01  0.0000000E+00  0.0000000E+00
  -8.2406979E+00 -3.3611562E-03  3.1328397E+01 -8.9124132E-06 -4.5434030E-09  1.0320265E-03
   1.6428009E-11  4.1135970E-15  4.2025229E-12  8.4975726E-18  4.2069493E-20 -3.3092766E-17

   8.0690000E-01  0.0000000E+00  0.0000000E+00
  -8.2561225E+00 -3.3691776E-03  3.1325915E+01 -8.7533370E-06  1.6500830E-09  1.0364092E-03
   1.6428009E-11  4.0315182E-15  4.2025229E-12 -9.1122883E-18  4.2070875E-20  3.5436881E-17

   8.1270000E-01  0.0000000E+00  0.0000000E+00
  -8.2715471E+00 -3.3789816E-03  3.1323434E+01  4.4221045E-06  1.8710278E-08  1.2440225E-03
   1.6428009E-11  7.3501583E-16  4.2025230E-12 -1.9205099E-17  4.2142029E-20  7.4711841E-17

   8.1850000E-01  0.0000000E+00  0.0000000E+00
  -8.2869716E+00 -3.3925212E-03  3.1320952E+01  1.9794967E-05  1.0286479E-08  1.4857691E-03
   1.6428009E-11 -3.0669937E-15  4.2025230E-12 -1.3761302E-17  4.1558370E-20  5.3541300E-17

   8.2430000E-01  0.0000000E+00  0.0000000E+00
  -8.3023962E+00 -3.4087005E-03  3.1318470E+01  2.5016094E-05 -2.4741470E-09  1.5682857E-03
   1.6428009E-11 -4.3070710E-15  4.2025230E-12  2.5152895E-18  4.2163156E-20 -9.7598043E-18

   8.3010000E-01  0.0000000E+00  0.0000000E+00
  -8.3178208E+00 -3.4243229E-03  3.1315989E+01  1.6231633E-05  1.4676169E-08  1.4307849E-03
   1.6428010E-11 -2.0556558E-15  4.2025232E-12  1.6258307E-17  4.2275196E-20 -6.3181597E-17

   8.3590000E-01  0.0000000E+00  0.0000000E+00
  -8.3332453E+00 -3.4367262E-03  3.1313507E+01  1.0069424E-06  1.1874414E-08  1.1910982E-03
   1.6428010E-11  1.7706544E-15  4.2025231E-12  1.6479227E-17  4.1844030E-20 -6.3981242E-17

   8.4170000E-01  0.0000000E+00  0.0000000E+00
  -8.3486699E+00 -3.4459235E-03  3.1311026E+01 -8.0931880E-06  2.3015543E-09  1.0456631E-03
   1.6428010E-11  4.0341086E-15  4.2025231E-12  3.4400537E-18  4.2075165E-20 -1.3199297E-17

   8.4750000E-01  0.0000000E+00  0.0000000E+00
  -8.3640945E+00 -3.4545162E-03  3.1308544E+01 -3.8298733E-06 -3.8572121E-09  1.1081790E-03
   1.6428010E-11  2.9588659E-15  4.2025231E-12 -1.1851978E-17  4.1761991E-20  4.6320318E-17

   8.5330000E-01  0.0000000E+00  0.0000000E+00
  -8.3795190E+00 -3.4655030E-03  3.1306063E+01  9.9981189E-06  1.8312455E-08  1.3200045E-03
   1.6428010E-11 -4.6183469E-16  4.2025232E-12 -1.6911992E-17  4.2509484E-20  6.6002459E-17

   8.5910000E-01  0.0000000E+00  0.0000000E+00
  -8.3949436E+00 -3.4798278E-03  3.1303581E+01  2.2007486E-05  1.9319089E-08  1.5036308E-03
   1.6428010E-11 -3.3598091E-15  4.2025231E-12 -8.0122746E-18  4.1366840E-20  3.1363909E-17

   8.6490000E-01  0.0000000E+00  0.0000000E+00
  -8.4103682E+00 -3.4956826E-03  3.1301099E+01  2.2776434E-05  1.4143124E-08  1.5115627E-03
   1.6428010E-11 -3.3974806E-15  4.2025231E-12  7.0413056E-18  4.2499717E-20 -2.7197461E-17

   8.7070000E-01  0.0000000E+00  0.0000000E+00
  -8.4257927E+00 -3.5100877E-03  3.1298618E+01  1.2478049E-05  8.1496356E-09  1.3457540E-03
   1.6428010E-11 -6.6824800E-16  4.2025232E-12  1.5690673E-17  4.1459180E-20 -6.0807140E-17

   8.7650000E-01  0.0000000E+00  0.0000000E+00
  -8.4412173E+00 -3.5213835E-03  3.1296136E+01  3.7190683E-07 -2.5976957E-10  1.1501913E-03
   1.6428010E-11  2.4623698E-15  4.2025231E-12  1.1129768E-17  4.2467849E-20 -4.2996051E-17

   8.8230000E-01  0.0000000E+00  0.0000000E+00
  -8.4566419E+00 -3.5305502E-03  3.1293655E+01 -3.1927461E-06  1.0617884E-08  1.0864914E-03
   1.6428009E-11  3.3903903E-15  4.2025230E-12 -2.2517443E-18  4.1739220E-20  9.1249545E-18

   8.8810000E-01  0.0000000E+00  0.0000000E+00
  -8.4720664E+00 -3.5402935E-03  3.1291173E+01  4.5795785E-06  7.9860892E-09  1.1990349E-03
   1.6428009E-11  1.4468773E-15  4.2025230E-12 -1.2877920E-17  4.2092865E-20  5.0485456E-17

   8.9390000E-01  0.0000000E+00  0.0000000E+00
  -8.4874910E+00 -3.5527198E-03  3.1288692E+01  1.6855002E-05  8.2798503E-09  1.3822034E-03
   1.6428009E-11 -1.6021198E-15  4.2025230E-12 -1.1885479E-17  4.1748631E-20  4.6591462E-17

   8.9970000E-01  0.0000000E+00  0.0000000E+00
  -8.5029155E+00 -3.5675796E-03  3.1286210E+01  2.3231799E-05  1.2477083E-09  1.4744428E-03
   1.6428009E-11 -3.1091857E-15  4.2025229E-12 -5.0818558E-19  4.2009553E-20  2.2634763E-18

   9.0550000E-01  0.0000000E+00  0.0000000E+00
  -8.5183401E+00 -3.5825428E-03  3.1283728E+01  1.8662478E-05  1.9299801E-08  1.3971352E-03
   1.6428009E-11 -1.8073247E-15  4.2025230E-12  1.1196720E-17  4.2335782E-20 -4.3331802E-17

   9.1130000E-01  0.0000000E+00  0.0000000E+00
  -8.5337647E+00 -3.5952330E-03  3.1281247E+01  7.6555022E-06  1.5275011E-08  1.2201730E-03
   1.6428009E-11  1.1368210E-15  4.2025230E-12  1.3057532E-17  4.1649418E-20 -5.0590127E-17

   9.1710000E-01  0.0000000E+00  0.0000000E+00
  -8.5491893E+00 -3.6052701E-03  3.1278765E+01  2.7360150E-07  5.1523712E-09  1.0998598E-03
   1.6428009E-11  3.1501251E-15  4.2025230E-12  3.4737609E-18  4.2185585E-20 -1.3281608E-17

 Member #:            7
 --------------------------------
   9.2275000E-01  0.0000000E+00  0.0000000E+00
  -8.5642149E+00 -3.6143001E-03  3.1276348E+01  3.1268529E-06  1.2314429E-08  1.1389626E-03
   1.6428009E-11  2.5405568E-15  4.2025230E-12 -9.1376236E-18  4.1880686E-20  3.5821810E-17

   9.2825000E-01  0.0000000E+00  0.0000000E+00
  -8.5788417E+00 -3.6247558E-03  3.1273995E+01  1.4039680E-05  2.6446005E-08  1.3034683E-03
   1.6428010E-11 -1.4428383E-16  4.2025231E-12 -1.4353891E-17  4.2261802E-20  5.6138314E-17

   9.3375000E-01  0.0000000E+00  0.0000000E+00
  -8.5934684E+00 -3.6378832E-03  3.1271641E+01  2.4526645E-05  2.2737146E-08  1.4611601E-03
   1.6428009E-11 -2.7477539E-15  4.2025230E-12 -8.1544056E-18  4.1529950E-20  3.2008380E-17

   9.3925000E-01  0.0000000E+00  0.0000000E+00
  -8.6080952E+00 -3.6525652E-03  3.1269288E+01  2.6460715E-05  9.6308505E-09  1.4857306E-03
   1.6428009E-11 -3.2008452E-15  4.2025230E-12  4.7724158E-18  4.2160537E-20 -1.8323765E-17

   9.4475000E-01  0.0000000E+00  0.0000000E+00
  -8.6227219E+00 -3.6664311E-03  3.1266935E+01  1.8292199E-05  8.7585049E-09  1.3534438E-03
   1.6428010E-11 -1.0957353E-15  4.2025231E-12  1.4373539E-17  4.1877420E-20 -5.5726462E-17

   9.5025000E-01  0.0000000E+00  0.0000000E+00
  -8.6373486E+00 -3.6776995E-03  3.1264582E+01  6.3637389E-06  5.5391402E-09  1.1634769E-03
   1.6428009E-11  1.9763312E-15  4.2025230E-12  1.3040670E-17  4.2148143E-20 -5.0578459E-17

   9.5575000E-01  0.0000000E+00  0.0000000E+00
  -8.6519754E+00 -3.6865807E-03  3.1262228E+01  7.4885301E-08 -1.2689176E-10  1.0624353E-03
   1.6428009E-11  3.6423248E-15  4.2025229E-12  1.5711707E-18  4.1770928E-20 -5.9733779E-18

   9.6125000E-01  0.0000000E+00  0.0000000E+00
  -8.6666021E+00 -3.6951446E-03  3.1259875E+01  4.6127330E-06 -2.7541288E-10  1.1310184E-03
   1.6428009E-11  2.5822794E-15  4.2025230E-12 -1.1355433E-17  4.2154997E-20  4.4313904E-17

   9.6675000E-01  0.0000000E+00  0.0000000E+00
  -8.6812289E+00 -3.7057449E-03  3.1257522E+01  1.6870720E-05  7.4093868E-09  1.3204742E-03
   1.6428009E-11 -4.3681166E-16  4.2025231E-12 -1.5811446E-17  4.1858814E-20  6.1645070E-17

   9.7225000E-01  0.0000000E+00  0.0000000E+00
  -8.6958556E+00 -3.7192078E-03  3.1255169E+01  2.7735047E-05  4.7138753E-09  1.4884046E-03
   1.6428009E-11 -3.1315374E-15  4.2025230E-12 -8.2664813E-18  4.1965341E-20  3.2275262E-17

   9.7775000E-01  0.0000000E+00  0.0000000E+00
  -8.7104824E+00 -3.7341816E-03  3.1252816E+01  2.9017171E-05  1.0703850E-08  1.5070022E-03
   1.6428009E-11 -3.4444258E-15  4.2025230E-12  5.6483997E-18  4.2131866E-20 -2.1887047E-17

   9.8325000E-01  0.0000000E+00  0.0000000E+00
  -8.7251091E+00 -3.7481528E-03  3.1250462E+01  1.9722810E-05  1.1594675E-08  1.3608760E-03
   1.6428010E-11 -1.1215294E-15  4.2025231E-12  1.5402743E-17  4.1965171E-20 -5.9864954E-17

   9.8875000E-01  0.0000000E+00  0.0000000E+00
  -8.7397359E+00 -3.7593569E-03  3.1248109E+01  6.8430635E-06  5.5835929E-09  1.1593564E-03
   1.6428009E-11  2.0869226E-15  4.2025230E-12  1.3597815E-17  4.2024059E-20 -5.2867258E-17

   9.9425000E-01  0.0000000E+00  0.0000000E+00
  -8.7543626E+00 -3.7681208E-03  3.1245756E+01  4.9967454E-08 -3.7852991E-10  1.0536499E-03
   1.6428009E-11  3.7584393E-15  4.2025230E-12  1.6123713E-18  4.1904356E-20 -6.2599037E-18

   9.9975000E-01  0.0000000E+00  0.0000000E+00
  -8.7689894E+00 -3.7766120E-03  3.1243403E+01  4.3492764E-06  8.5774104E-09  1.1221057E-03
   1.6428009E-11  2.6428577E-15  4.2025230E-12 -1.1459330E-17  4.2219104E-20  4.4567532E-17

   1.0052500E+00  0.0000000E+00  0.0000000E+00
  -8.7836161E+00 -3.7871872E-03  3.1241049E+01  1.6303575E-05  1.7381078E-08  1.3111967E-03
   1.6428010E-11 -3.9166241E-16  4.2025231E-12 -1.5753636E-17  4.1832898E-20  6.1233924E-17

   1.0107500E+00  0.0000000E+00  0.0000000E+00
  -8.7982429E+00 -3.8006043E-03  3.1238696E+01  2.6694844E-05  6.1710633E-09  1.4770254E-03
   1.6428009E-11 -3.0310707E-15  4.2025230E-12 -8.1411714E-18  4.1837264E-20  3.1567076E-17

   1.0162500E+00  0.0000000E+00  0.0000000E+00
  -8.8128696E+00 -3.8154626E-03  3.1236343E+01  2.7565423E-05  5.5674067E-09  1.4952208E-03
   1.6428010E-11 -3.2853985E-15  4.2025231E-12  5.4452921E-18  4.2143350E-20 -2.1339736E-17

   1.0217500E+00  0.0000000E+00  0.0000000E+00
  -8.8274964E+00 -3.8292887E-03  3.1233990E+01  1.8242783E-05  7.9862951E-09  1.3550499E-03
   1.6428010E-11 -9.9868005E-16  4.2025231E-12  1.4605778E-17  4.1994092E-20 -5.7012808E-17

   1.0272500E+00  0.0000000E+00  0.0000000E+00
  -8.8421231E+00 -3.8404277E-03  3.1231637E+01  5.7642916E-06  2.3030408E-09  1.1661736E-03
   1.6428010E-11  2.0518673E-15  4.2025231E-12  1.2433749E-17  4.2000799E-20 -4.8578984E-17

 Member #:            8
 --------------------------------
   1.0330000E+00  0.0000000E+00  0.0000000E+00
  -8.8527997E+00 -3.8471533E-03  3.1230249E+01 -5.5801871E-06 -1.0692352E-07  9.9243428E-04
   6.7537781E-12 -6.4259126E-15  1.7548167E-12  1.1441187E-17  1.5272552E-20 -4.4524998E-17

   1.0390000E+00  0.0000000E+00  0.0000000E+00
  -8.8595261E+00 -3.8505798E-03  3.1229828E+01 -1.9231290E-05 -1.9562500E-07  7.7473599E-04
   6.7537793E-12 -4.9946423E-15  1.7548162E-12  1.7348065E-17  1.7614018E-20 -6.7149268E-17

   1.0450000E+00  0.0000000E+00  0.0000000E+00
  -8.8662525E+00 -3.8530219E-03  3.1229407E+01 -3.7123673E-05  1.3619162E-08  4.8175560E-04
   6.7537801E-12 -3.0683674E-15  1.7548173E-12  2.1547965E-17  2.0831691E-20 -8.3216092E-17

   1.0510000E+00  0.0000000E+00  0.0000000E+00
  -8.8729788E+00 -3.8542445E-03  3.1228986E+01 -5.7595412E-05 -1.2810152E-07  1.4209571E-04
   6.7537811E-12 -8.3527226E-16  1.7548169E-12  2.3631150E-17  1.1142249E-20 -9.1147800E-17

   1.0570000E+00  0.0000000E+00  0.0000000E+00
  -8.8797052E+00 -3.8541320E-03  3.1228565E+01 -7.8713051E-05 -1.1083863E-07 -2.1105641E-04
   6.7537813E-12  1.4861493E-15  1.7548172E-12  2.3396104E-17  2.3786348E-20 -9.0167795E-17

   1.0630000E+00  0.0000000E+00  0.0000000E+00
  -8.8864316E+00 -3.8526998E-03  3.1228143E+01 -9.8464274E-05 -1.5440735E-07 -5.4319926E-04
   6.7537810E-12  3.6687092E-15  1.7548173E-12  2.0869536E-17  1.0007964E-20 -8.0378000E-17

   1.0690000E+00  0.0000000E+00  0.0000000E+00
  -8.8931580E+00 -3.8500927E-03  3.1227722E+01 -1.1495784E-04 -4.0272482E-07 -8.2191858E-04
   6.7537803E-12  5.4990076E-15  1.7548166E-12  1.6303771E-17  1.9969346E-20 -6.2748658E-17

   1.0750000E+00  0.0000000E+00  0.0000000E+00
  -8.8998844E+00 -3.8465706E-03  3.1227301E+01 -1.2661127E-04 -3.8021808E-07 -1.0200804E-03
   6.7537793E-12  6.7985318E-15  1.7548170E-12  1.0151692E-17  1.4982820E-20 -3.9021577E-17

   1.0810000E+00  0.0000000E+00  0.0000000E+00
  -8.9066108E+00 -3.8424828E-03  3.1226880E+01 -1.3230833E-04 -6.2789216E-07 -1.1184980E-03
   6.7537789E-12  7.4412689E-15  1.7548162E-12  3.0215459E-18  1.4914637E-20 -1.1536697E-17

   1.0870000E+00  0.0000000E+00  0.0000000E+00
  -8.9133372E+00 -3.8382330E-03  3.1226458E+01 -1.3150848E-04 -6.4426570E-07 -1.1078077E-03
   6.7537789E-12  7.3660822E-15  1.7548168E-12 -4.3835015E-18  1.9209038E-20  1.7000834E-17

   1.0930000E+00  0.0000000E+00  0.0000000E+00
  -8.9200637E+00 -3.8342397E-03  3.1226037E+01 -1.2430044E-04 -7.3782933E-07 -9.8936774E-04
   6.7537797E-12  6.5826141E-15  1.7548166E-12 -1.1335234E-17  1.3428013E-20  4.3789594E-17

   1.0990000E+00  0.0000000E+00  0.0000000E+00
  -8.9267901E+00 -3.8308944E-03  3.1225616E+01 -1.1139223E-04 -7.8341638E-07 -7.7509134E-04
   6.7537808E-12  5.1701450E-15  1.7548171E-12 -1.7152724E-17  2.0045899E-20  6.6209887E-17

   1.1050000E+00  0.0000000E+00  0.0000000E+00
  -8.9335165E+00 -3.8285234E-03  3.1225195E+01 -9.4039558E-05 -8.0439516E-07 -4.8623439E-04
   6.7537820E-12  3.2695292E-15  1.7548174E-12 -2.1269645E-17  1.3842674E-20  8.2083146E-17

   1.1110000E+00  0.0000000E+00  0.0000000E+00
  -8.9402429E+00 -3.8273554E-03  3.1224774E+01 -7.3921045E-05 -8.4910166E-07 -1.5125919E-04
   6.7537829E-12  1.0690260E-15  1.7548176E-12 -2.3290135E-17  1.9579787E-20  8.9886700E-17

   1.1170000E+00  0.0000000E+00  0.0000000E+00
  -8.9469694E+00 -3.8274994E-03  3.1224352E+01 -5.2970283E-05 -9.1644006E-07  1.9700941E-04
   6.7537831E-12 -1.2145419E-15  1.7548177E-12 -2.3027480E-17  1.3413446E-20  8.8902580E-17

   1.1230000E+00  0.0000000E+00  0.0000000E+00
  -8.9536958E+00 -3.8289345E-03  3.1223931E+01 -3.3184557E-05 -9.9176829E-07  5.2465042E-04
   6.7537827E-12 -3.3574129E-15  1.7548174E-12 -2.0521773E-17  1.9438823E-20  7.9285630E-17

   1.1290000E+00  0.0000000E+00  0.0000000E+00
  -8.9604223E+00 -3.8315126E-03  3.1223510E+01 -1.6427044E-05 -1.0500108E-06  8.0000801E-04
   6.7537819E-12 -5.1511222E-15  1.7548176E-12 -1.6034966E-17  1.3752744E-20  6.2044222E-17

   1.1350000E+00  0.0000000E+00  0.0000000E+00
  -8.9671487E+00 -3.8349738E-03  3.1223089E+01 -4.2435856E-06 -1.2153859E-06  9.9681205E-04
   6.7537812E-12 -6.4231244E-15  1.7548168E-12 -1.0023681E-17  1.7490914E-20  3.8935834E-17

   1.1410000E+00  0.0000000E+00  0.0000000E+00
  -8.9738752E+00 -3.8389728E-03  3.1222668E+01  2.2877608E-06 -1.1335298E-06  1.0967467E-03
   6.7537804E-12 -7.0537427E-15  1.7548173E-12 -3.0927590E-18  1.8376257E-20  1.2288052E-17

   1.1470000E+00  0.0000000E+00  0.0000000E+00
  -8.9806016E+00 -3.8431142E-03  3.1222246E+01  2.6606060E-06 -1.2766504E-06  1.0912124E-03
   6.7537804E-12 -6.9877602E-15  1.7548167E-12  4.0659021E-18  1.3374203E-20 -1.5236708E-17

 Member #:            9
 --------------------------------
   1.1527500E+00  0.0000000E+00  0.0000000E+00
  -8.9870478E+00 -3.8468551E-03  3.1221843E+01 -2.5631943E-06 -1.1605775E-06  9.9033997E-04
   6.7537808E-12 -6.2948886E-15  1.7548172E-12  1.0509293E-17  2.3768568E-20 -4.0010607E-17

   1.1582500E+00  0.0000000E+00  0.0000000E+00
  -8.9932137E+00 -3.8498943E-03  3.1221457E+01 -1.2337025E-05 -1.0932739E-06  8.1201194E-04
   6.7537815E-12 -5.0946989E-15  1.7548173E-12  1.5713501E-17  1.2081406E-20 -6.0017986E-17

   1.1637500E+00  0.0000000E+00  0.0000000E+00
  -8.9993796E+00 -3.8521593E-03  3.1221070E+01 -2.5726720E-05 -1.1082519E-06  5.7165511E-04
   6.7537824E-12 -3.4893171E-15  1.7548172E-12  1.9551150E-17  2.2139013E-20 -7.4768139E-17

   1.1692500E+00  0.0000000E+00  0.0000000E+00
  -9.0055455E+00 -3.8534729E-03  3.1220684E+01 -4.1507925E-05 -9.0761730E-07  2.9014538E-04
   6.7537828E-12 -1.6179883E-15  1.7548179E-12  2.1714959E-17  1.6459876E-20 -8.3079073E-17

   1.1747500E+00  0.0000000E+00  0.0000000E+00
  -9.0117114E+00 -3.8537395E-03  3.1220298E+01 -5.8267351E-05 -9.3425533E-07 -8.4121253E-06
   6.7537831E-12  3.5890267E-16  1.7548174E-12  2.2041670E-17  1.7558890E-20 -8.4323374E-17

   1.1802500E+00  0.0000000E+00  0.0000000E+00
  -9.0178773E+00 -3.8529535E-03  3.1219912E+01 -7.4524598E-05 -8.3357770E-07 -2.9875211E-04
   6.7537827E-12  2.2735832E-15  1.7548177E-12  2.0525201E-17  1.9031391E-20 -7.8478256E-17

   1.1857500E+00  0.0000000E+00  0.0000000E+00
  -9.0240432E+00 -3.8511984E-03  3.1219526E+01 -8.8859195E-05 -8.0448599E-07 -5.5660480E-04
   6.7537821E-12  3.9652070E-15  1.7548172E-12  1.7316180E-17  1.6101098E-20 -6.6124072E-17

   1.1912500E+00  0.0000000E+00  0.0000000E+00
  -9.0302091E+00 -3.8486399E-03  3.1219140E+01 -1.0003141E-04 -7.3563904E-07 -7.6075462E-04
   6.7537811E-12  5.2935106E-15  1.7548173E-12  1.2708176E-17  1.9813407E-20 -4.8391398E-17

   1.1967500E+00  0.0000000E+00  0.0000000E+00
  -9.0363750E+00 -3.8455102E-03  3.1218754E+01 -1.0708726E-04 -7.2026886E-07 -8.9482648E-04
   6.7537805E-12  6.1506484E-15  1.7548168E-12  7.1119360E-18  1.4992442E-20 -2.6861399E-17

   1.2022500E+00  0.0000000E+00  0.0000000E+00
  -9.0425409E+00 -3.8420887E-03  3.1218368E+01 -1.0943871E-04 -5.9939495E-07 -9.4864847E-04
   6.7537799E-12  6.4702041E-15  1.7548169E-12  1.0194873E-18  2.1912087E-20 -3.4281417E-18

   1.2077500E+00  0.0000000E+00  0.0000000E+00
  -9.0487067E+00 -3.8386771E-03  3.1217982E+01 -1.0691172E-04 -5.4701208E-07 -9.1907621E-04
   6.7537798E-12  6.2326182E-15  1.7548168E-12 -5.0383703E-18  1.3574719E-20  1.9865339E-17

   1.2132500E+00  0.0000000E+00  0.0000000E+00
  -9.0548726E+00 -3.8355733E-03  3.1217595E+01 -9.9758812E-05 -4.6767850E-07 -8.1021023E-04
   6.7537801E-12  5.4665789E-15  1.7548166E-12 -1.0537849E-17  2.2424124E-20  4.1003138E-17

   1.2187500E+00  0.0000000E+00  0.0000000E+00
  -9.0610385E+00 -3.8330463E-03  3.1217209E+01 -8.8635060E-05 -2.7544099E-07 -6.3298998E-04
   6.7537804E-12  4.2462680E-15  1.7548173E-12 -1.5007163E-17  1.5827538E-20  5.8169637E-17

   1.2242500E+00  0.0000000E+00  0.0000000E+00
  -9.0672044E+00 -3.8313125E-03  3.1216823E+01 -7.4539250E-05 -3.2816083E-07 -4.0420124E-04
   6.7537810E-12  2.6847103E-15  1.7548166E-12 -1.8066902E-17  1.7453996E-20  6.9904952E-17

   1.2297500E+00  0.0000000E+00  0.0000000E+00
  -9.0733702E+00 -3.8305178E-03  3.1216437E+01 -5.8725717E-05 -7.9849531E-08 -1.4498416E-04
   6.7537811E-12  9.2380703E-16  1.7548175E-12 -1.9462406E-17  2.1895615E-20  7.5229355E-17

   1.2352500E+00  0.0000000E+00  0.0000000E+00
  -9.0795361E+00 -3.8307250E-03  3.1216051E+01 -4.2594752E-05 -1.3685278E-07  1.2102895E-04
   6.7537812E-12 -8.7808763E-16  1.7548170E-12 -1.9085218E-17  1.1281613E-20  7.3726155E-17

   1.2407500E+00  0.0000000E+00  0.0000000E+00
  -9.0857019E+00 -3.8319085E-03  3.1215665E+01 -2.7570177E-05 -1.0924454E-07  3.6978452E-04
   6.7537809E-12 -2.5599707E-15  1.7548169E-12 -1.6982062E-17  2.3609506E-20  6.5575856E-17

   1.2462500E+00  0.0000000E+00  0.0000000E+00
  -9.0918678E+00 -3.8339574E-03  3.1215279E+01 -1.4975610E-05 -3.7993741E-09  5.7890888E-04
   6.7537803E-12 -3.9721899E-15  1.7548172E-12 -1.3350313E-17  1.2866896E-20  5.1538909E-17

   1.2517500E+00  0.0000000E+00  0.0000000E+00
  -9.0980337E+00 -3.8366848E-03  3.1214893E+01 -5.9194894E-06 -1.6659778E-07  7.2965871E-04
   6.7537801E-12 -4.9894344E-15  1.7548165E-12 -8.5205036E-18  1.8210119E-20  3.2888491E-17

   1.2572500E+00  0.0000000E+00  0.0000000E+00
  -9.1041995E+00 -3.8398444E-03  3.1214507E+01 -1.1988923E-06 -5.8014966E-08  8.0855254E-04
   6.7537797E-12 -5.5215996E-15  1.7548170E-12 -2.9274932E-18  1.8373922E-20  1.1299126E-17

 Member #:           10
 --------------------------------
   1.2628750E+00  0.0000000E+00  0.0000000E+00
  -9.1072824E+00 -3.8391159E-03  3.1214314E+01  1.1687027E-15  2.8986183E-12  8.2872392E-04
   0.0000000E+00  0.0000000E+00  0.0000000E+00  0.0000000E+00  0.0000000E+00  0.0000000E+00

   1.2686250E+00  0.0000000E+00  0.0000000E+00
  -9.1072824E+00 -3.8343508E-03  3.1214314E+01  1.1687027E-15  2.8986183E-12  8.2872392E-04
   0.0000000E+00  0.0000000E+00  0.0000000E+00  0.0000000E+00  0.0000000E+00  0.0000000E+00

   1.2743750E+00  0.0000000E+00  0.0000000E+00
  -9.1072824E+00 -3.8295856E-03  3.1214314E+01  1.1687027E-15  2.8986183E-12  8.2872392E-04
   0.0000000E+00  0.0000000E+00  0.0000000E+00  0.0000000E+00  0.0000000E+00  0.0000000E+00

   1.2801250E+00  0.0000000E+00  0.0000000E+00
  -9.1072824E+00 -3.8248204E-03  3.1214314E+01  1.1687027E-15  2.8986183E-12  8.2872392E-04
   0.0000000E+00  0.0000000E+00  0.0000000E+00  0.0000000E+00  0.0000000E+00  0.0000000E+00

   1.2858750E+00  0.0000000E+00  0.0000000E+00
  -9.1072824E+00 -3.8200553E-03  3.1214314E+01  1.1687027E-15  2.8986183E-12  8.2872392E-04
   0.0000000E+00  0.0000000E+00  0.0000000E+00  0.0000000E+00  0.0000000E+00  0.0000000E+00

   1.2916250E+00  0.0000000E+00  0.0000000E+00
  -9.1072824E+00 -3.8152901E-03  3.1214314E+01  1.1687027E-15  2.8986183E-12  8.2872392E-04
   0.0000000E+00  0.0000000E+00  0.0000000E+00  0.0000000E+00  0.0000000E+00  0.0000000E+00

   1.2973750E+00  0.0000000E+00  0.0000000E+00
  -9.1072824E+00 -3.8105250E-03  3.1214314E+01  1.1687027E-15  2.8986183E-12  8.2872392E-04
   0.0000000E+00  0.0000000E+00  0.0000000E+00  0.0000000E+00  0.0000000E+00  0.0000000E+00

   1.3031250E+00  0.0000000E+00  0.0000000E+00
  -9.1072824E+00 -3.8057598E-03  3.1214314E+01  1.1687027E-15  2.8986183E-12  8.2872392E-04
   0.0000000E+00  0.0000000E+00  0.0000000E+00  0.0000000E+00  0.0000000E+00  0.0000000E+00

   1.3088750E+00  0.0000000E+00  0.0000000E+00
  -9.1072824E+00 -3.8009946E-03  3.1214314E+01  1.1687027E-15  2.8986183E-12  8.2872392E-04
   0.0000000E+00  0.0000000E+00  0.0000000E+00  0.0000000E+00  0.0000000E+00  0.0000000E+00

   1.3146250E+00  0.0000000E+00  0.0000000E+00
  -9.1072824E+00 -3.7962295E-03  3.1214314E+01  1.1687027E-15  2.8986183E-12  8.2872392E-04
   0.0000000E+00  0.0000000E+00  0.0000000E+00  0.0000000E+00  0.0000000E+00  0.0000000E+00

   1.3203750E+00  0.0000000E+00  0.0000000E+00
  -9.1072824E+00 -3.7914643E-03  3.1214314E+01  1.1687027E-15  2.8986183E-12  8.2872392E-04
   0.0000000E+00  0.0000000E+00  0.0000000E+00  0.0000000E+00  0.0000000E+00  0.0000000E+00

   1.3261250E+00  0.0000000E+00  0.0000000E+00
  -9.1072824E+00 -3.7866991E-03  3.1214314E+01  1.1687027E-15  2.8986183E-12  8.2872392E-04
   0.0000000E+00  0.0000000E+00  0.0000000E+00  0.0000000E+00  0.0000000E+00  0.0000000E+00

   1.3318750E+00  0.0000000E+00  0.0000000E+00
  -9.1072824E+00 -3.7819340E-03  3.1214314E+01  1.1687027E-15  2.8986183E-12  8.2872392E-04
   0.0000000E+00  0.0000000E+00  0.0000000E+00  0.0000000E+00  0.0000000E+00  0.0000000E+00

   1.3376250E+00  0.0000000E+00  0.0000000E+00
  -9.1072825E+00 -3.7771688E-03  3.1214314E+01  1.1687027E-15  2.8986183E-12  8.2872392E-04
   0.0000000E+00  0.0000000E+00  0.0000000E+00  0.0000000E+00  0.0000000E+00  0.0000000E+00

   1.3433750E+00  0.0000000E+00  0.0000000E+00
  -9.1072825E+00 -3.7724037E-03  3.1214314E+01  1.1687027E-15  2.8986183E-12  8.2872392E-04
   0.0000000E+00  0.0000000E+00  0.0000000E+00  0.0000000E+00  0.0000000E+00  0.0000000E+00

   1.3491250E+00  0.0000000E+00  0.0000000E+00
  -9.1072825E+00 -3.7676385E-03  3.1214314E+01  1.1687027E-15  2.8986183E-12  8.2872392E-04
   0.0000000E+00  0.0000000E+00  0.0000000E+00  0.0000000E+00  0.0000000E+00  0.0000000E+00

   1.3548750E+00  0.0000000E+00  0.0000000E+00
  -9.1072825E+00 -3.7628733E-03  3.1214314E+01  1.1687027E-15  2.8986183E-12  8.2872392E-04
   0.0000000E+00  0.0000000E+00  0.0000000E+00  0.0000000E+00  0.0000000E+00  0.0000000E+00

   1.3606250E+00  0.0000000E+00  0.0000000E+00
  -9.1072825E+00 -3.7581082E-03  3.1214314E+01  1.1687027E-15  2.8986183E-12  8.2872392E-04
   0.0000000E+00  0.0000000E+00  0.0000000E+00  0.0000000E+00  0.0000000E+00  0.0000000E+00

   1.3663750E+00  0.0000000E+00  0.0000000E+00
  -9.1072825E+00 -3.7533430E-03  3.1214314E+01  1.1687027E-15  2.8986183E-12  8.2872392E-04
   0.0000000E+00  0.0000000E+00  0.0000000E+00  0.0000000E+00  0.0000000E+00  0.0000000E+00

   1.3721250E+00  0.0000000E+00  0.0000000E+00
  -9.1072825E+00 -3.7485779E-03  3.1214314E+01  1.1687027E-15  2.8986183E-12  8.2872392E-04
   0.0000000E+00  0.0000000E+00  0.0000000E+00  0.0000000E+00  0.0000000E+00  0.0000000E+00


